0:100  0:100  MemLog inited, TSC freq: 1796276520
0:100  0:000  CPU was calibrated with RTC
0:100  0:000  
0:100  0:000  Now is 31.01.2020,  07:23:02 (GMT)
0:100  0:000  Starting Clover revision: 5103 (master, commit 3f3b85da0) on INSYDE Corp. EFI
0:100  0:000  Build with: [Args: -D NO_GRUB_DRIVERS_EMBEDDED -t GCC53 | -D NO_GRUB_DRIVERS_EMBEDDED --conf=/Users/sergey/src/CloverHackyColor/Conf -D USE_LOW_EBDA -a X64 -b RELEASE -t GCC53 -n 5 | OS: 10.14.6]
0:100  0:000  SelfDevicePath=PciRoot(0x0)\Pci(0x1D,0x0)\Pci(0x0,0x0)\NVMe(0x1,71-09-02-81-B3-38-25-00)\HD(1,GPT,A508F172-5C9E-4951-803A-245C0EA7DAC9,0x800,0x82000) @6F2AFE98
0:100  0:000  SelfDirPath = \EFI\CLOVER
0:100  0:000  SimpleTextEx Status=Success
0:100  0:000  === [ Get Smbios ] ========================================
0:100  0:000  Type 16 Index = 0
0:100  0:000  Total Memory Slots Count = 2
0:100  0:000  Type 17 Index = 0
0:100  0:000  SmbiosTable.Type17->Speed = 2400MHz
0:100  0:000  SmbiosTable.Type17->Size = 4096MB
0:100  0:000  SmbiosTable.Type17->Bank/Device = BANK 0 ChannelA-DIMM0
0:100  0:000  SmbiosTable.Type17->Vendor = Samsung
0:100  0:000  SmbiosTable.Type17->SerialNumber = 00000000
0:100  0:000  SmbiosTable.Type17->PartNumber = M471A5244CB0-CRC    
0:100  0:000  Type 17 Index = 1
0:100  0:000  SmbiosTable.Type17->Speed = 2400MHz
0:100  0:000  SmbiosTable.Type17->Size = 4096MB
0:100  0:000  SmbiosTable.Type17->Bank/Device = BANK 2 ChannelB-DIMM0
0:100  0:000  SmbiosTable.Type17->Vendor = Ramaxel
0:100  0:000  SmbiosTable.Type17->SerialNumber = 122C9258
0:100  0:000  SmbiosTable.Type17->PartNumber = RMSA3270MB86H9F2400 
0:100  0:000  Boot status=0
0:100  0:000  Running on: '81HX' with board 'LNVNB161216'
0:100  0:000  === [ GetCPUProperties ] ==================================
0:100  0:000  CPU Vendor = 756E6547 Model=806EA
0:100  0:000   The CPU supported SSE4.1
0:100  0:000  BrandString = Intel(R) Core(TM) i5-8250U CPU @ 1.60GHz
0:100  0:000   The CPU supported turbo
0:100  0:000  MSR 0x35               40008
0:100  0:000   TSC/CCC Information Leaf:
0:100  0:000    numerator     : 150
0:100  0:000    denominator   : 2
0:100  0:000   Calibrated ARTFrequency: 23950353
0:100  0:000   Rounded ARTFrequency: 24000000
0:100  0:000  MSR 0xE2 before patch 1E000008
0:100  0:000  MSR 0xCE              0004043D_F1011200
0:100  0:000  corrected FLEX_RATIO = 0
0:100  0:000  MSR 0x1B0             00000000
0:100  0:000  FSBFrequency = 156 MHz, DMI FSBFrequency = 100 MHz, Corrected FSBFrequency = 100 MHz
0:100  0:000  MaxDiv/MinDiv: 18.0/4
0:100  0:000  Turbo: 34/34/34/34
0:100  0:000  Features: 0xBFEBFBFF
0:100  0:000  Threads: 8
0:100  0:000  Cores: 4
0:100  0:000  FSB: 100 MHz
0:100  0:000  CPU: 2800 MHz
0:100  0:000  TSC: 2800 MHz
0:100  0:000  PIS: 100 MHz
0:100  0:000  ExternalClock: 25 MHz
0:100  0:000  === [ GetDevices ] ========================================
0:100  0:000  GOP found at: <null string>
0:100  0:000  PCI (00|00:00.00) : 8086 5914 class=060000
0:100  0:000  PCI (00|00:02.00) : 8086 5917 class=030000
0:100  0:000   - GFX: Model=Intel UHD Graphics 620 (Intel)
0:100  0:000  PCI (00|00:04.00) : 8086 1903 class=118000
0:100  0:000  PCI (00|00:14.00) : 8086 9D2F class=0C0330
0:100  0:000  PCI (00|00:14.02) : 8086 9D31 class=118000
0:100  0:000  PCI (00|00:15.00) : 8086 9D60 class=118000
0:100  0:000  PCI (00|00:15.01) : 8086 9D61 class=118000
0:100  0:000  PCI (00|00:16.00) : 8086 9D3A class=078000
0:100  0:000  PCI (00|00:17.00) : 8086 9D03 class=010601
0:100  0:000  PCI (00|00:1C.00) : 8086 9D10 class=060400
0:100  0:000  PCI (00|01:00.00) : 1002 6900 class=038000
0:100  0:000   - GFX: Model=ATI Radeon R7 M260/M265 (ATI/AMD)
0:101  0:000  PCI (00|00:1C.04) : 8086 9D14 class=060400
0:101  0:000  PCI (00|02:00.00) : 10EC 8168 class=020000
0:101  0:000   - LAN: 0 Vendor=Realtek
0:101  0:000  PCI (00|00:1C.05) : 8086 9D15 class=060400
0:101  0:000  PCI (00|03:00.00) : 14E4 43B1 class=028000
0:101  0:000   - WIFI: Vendor=Broadcom
0:101  0:000  PCI (00|00:1D.00) : 8086 9D18 class=060400
0:101  0:000  PCI (00|08:00.00) : 144D A804 class=010802
0:101  0:000  PCI (00|00:1F.00) : 8086 9D4E class=060100
0:101  0:000  PCI (00|00:1F.02) : 8086 9D21 class=058000
0:101  0:000  PCI (00|00:1F.03) : 8086 9D71 class=040300
0:101  0:000  PCI (00|00:1F.04) : 8086 9D23 class=0C0500
0:101  0:000  === [ GetDefaultSettings ] ================================
0:101  0:000  Clover load options size = 0 bytes
0:102  0:000  CheckOEMPathExists tried EFI\CLOVER\OEM\81HX--00-00-00-00-00-00. Dir not exists
0:102  0:000  CheckOEMPathExists tried EFI\CLOVER\OEM\LNVNB161216\UEFI. Dir not exists
0:102  0:000  CheckOEMPathExists tried EFI\CLOVER\OEM\81HX. Dir not exists
0:102  0:000  CheckOEMPathExists tried EFI\CLOVER\OEM\81HX-2800. Dir not exists
0:102  0:000  CheckOEMPathExists tried EFI\CLOVER\OEM\LNVNB161216. Dir not exists
0:102  0:000  CheckOEMPathExists tried EFI\CLOVER\OEM\LNVNB161216-2800. Dir not exists
0:102  0:000  set OEMPath by default: EFI\CLOVER
0:104  0:001  EFI\CLOVER\config.plist loaded: Success
0:104  0:000  === [ GetListOfThemes ] ===================================
0:104  0:000  - [00]: thinkpad
0:105  0:001  - [01]: Minimalism
0:106  0:000  - [02]: Catalina2K
0:106  0:000  - [03]: mac_s
0:107  0:000  - [04]: OSS
0:107  0:000  - [05]: default
0:109  0:001  - [06]: Bootcamp2k
0:110  0:000  === [ Found config plists ] ===============================
0:110  0:000  - config1.plist
0:110  0:000  - config.plist
0:110  0:000  === [ GetEarlyUserSettings ] ==============================
0:110  0:000  timeout set to 5
0:110  0:000  Custom boot CUSTOM_BOOT_DISABLED (0x0)
0:110  0:000  KextsToPatch: 3 requested
0:110  0:000   - [00]: com.apple.iokit.IOAHCIBlockStorage (Enable TRIM for SSD) :: BinPatch :: data len: 11
0:110  0:000   - [01]: com.apple.driver.AppleIntelLpssI2C (Prevent Apple I2C kexts from attaching to I2C controllers, credit CoolStar) :: PlistPatch :: data len: 5
0:110  0:000   - patch disabled at config
0:110  0:000   - [02]: com.apple.driver.AppleIntelLpssI2CController (Prevent Apple I2C kexts from attaching to I2C controllers, credit CoolStar) :: PlistPatch :: data len: 5
0:110  0:000   - patch disabled at config
0:110  0:000  KernelToPatch: 1 requested
0:110  0:000   - [00]: MSR 0xE2 _xcpm_idle instant reboot(c) Pike R. Alpha :: data len: 8
0:110  0:000  Default theme: OSS
0:110  0:000  Hiding entries with string Preboot
0:110  0:000  Hiding entries with string Recovery
0:110  0:000  Hiding entries with string Legacy
0:110  0:000  Hiding entries with string FileVault
0:110  0:000  === [ LoadDrivers ] =======================================
0:111  0:000  Loading VirtualSmc.efi  status=Success
0:214  0:103  Loading AptioMemoryFix.efi  status=Success
0:317  0:103  Loading FSInject.efi  status=Success
0:320  0:002  Loading ApfsDriverLoader.efi  status=Success
0:322  0:002   - driver needs connecting
0:322  0:000  Loading DataHubDxe.efi  status=Success
0:324  0:002  Loading AudioDxe.efi  status=Success
0:327  0:002   - driver needs connecting
0:327  0:000  2 drivers needs connecting ...
0:327  0:000  PlatformDriverOverrideProtocol->GetDriver overriden
0:327  0:000  APFS driver loaded
0:327  0:000  Searching for invalid DiskIo BY_DRIVER connects: not found, all ok
3:522  3:195  === [ InitScreen ] ========================================
3:522  0:000  Console modes reported: 7, available modes:
3:522  0:000   - [01]: 80x25
3:522  0:000   - [02]: 80x50
3:522  0:000   - [03]: 80x25
3:522  0:000   - [04]: 240x56 (current mode)
3:522  0:000   - [05]: 100x31
3:522  0:000   - [06]: 128x40
3:522  0:000   - [07]: 160x53
3:522  0:000  SetScreenResolution: 1920x1080 - already set
3:522  0:000  SetScreenResolution: 1920x1080 - already set
3:522  0:000  reinit: self device path=PciRoot(0x0)\Pci(0x1D,0x0)\Pci(0x0,0x0)\NVMe(0x1,71-09-02-81-B3-38-25-00)\HD(1,GPT,A508F172-5C9E-4951-803A-245C0EA7DAC9,0x800,0x82000)
3:523  0:000  === [ GetMacAddress ] =====================================
3:523  0:000  MAC address of LAN #0= 98:29:A6:1E:B3:88:
3:523  0:000  === [ ScanSPD ] ===========================================
3:523  0:000  Scanning SMBus [8086:9D23], mmio: 0xA4337004, ioport: 0x6040, hostc: 0x11
3:542  0:018  Slot: 2 Type 26 4096MB 2400MHz Vendor=Ramaxel Technology PartNo=RMSA3270MB86H9F2400 SerialNo=0102020C09020508
3:542  0:000  === [ GetAcpiTablesList ] =================================
3:542  0:000  Get Acpi Tables List from RSDT:
3:542  0:000   - [00]: FACP  CB-01    len=268
3:542  0:000   - [01]: UEFI  CB-01    len=566
3:542  0:000   - [02]: UEFI  CB-01    len=66
3:542  0:000   - [03]: MSDM  CB-01    len=85
3:542  0:000   - [04]: SSDT  CB-01    len=1236
3:542  0:000   - [05]: SSDT  CB-01    len=70
3:542  0:000   - [06]: TPM2  CB-01    len=52
3:542  0:000   - [07]: SSDT  CB-01    len=12832
3:542  0:000   - [08]: SSDT  CB-01    len=18912
3:542  0:000   - [09]: ASF!  CB-01    len=165
3:542  0:000   - [10]: ASPT  CB-01    len=52
3:542  0:000   - [11]: BOOT  CB-01    len=40
3:542  0:000   - [12]: DBGP  CB-01    len=52
3:542  0:000   - [13]: HPET  CB-01    len=56
3:542  0:000   - [14]: APIC  CB-01    len=300
3:542  0:000   - [15]: MCFG  CB-01    len=60
3:542  0:000   - [16]: SLIC  CB-01    len=374
3:542  0:000   - [17]: SSDT  CB-01    len=1303
3:542  0:000   - [18]: SSDT  CB-01    len=3727
3:542  0:000   - [19]: LPIT  CB-01    len=148
3:542  0:000   - [20]: WSMT  CB-01    len=40
3:542  0:000   - [21]: SSDT  CB-01    len=671
3:542  0:000   - [22]: SSDT  CB-01    len=838
3:542  0:000   - [23]: SSDT  CB-01    len=12290
3:542  0:000   - [24]: SSDT  CB-01    len=1310
3:542  0:000   - [25]: DBGP  CB-01    len=52
3:542  0:000   - [26]: DBG2  CB-01    len=97
3:542  0:000   - [27]: SSDT  CB-01    len=4315
3:542  0:000   - [28]: SSDT  CB-01    len=6062
3:542  0:000   - [29]: SSDT  CB-01    len=6955
3:542  0:000   - [30]: DMAR  CB-01    len=240
3:542  0:000   - [31]: FPDT  CB-01    len=68
3:542  0:000   - [32]: BGRT  CB-01    len=56
3:542  0:000  Calibrated TSC Frequency = 1796276520 = 1796MHz
3:542  0:000  === [ GetUserSettings ] ===================================
3:542  0:000  Add 2 devices:
3:542  0:000  USB FixOwnership: yes
3:542  0:000  Dropping 3 tables:
3:542  0:000   - [00]: Drop table  signature="BGRT" (54524742)
3:542  0:000           - set table: 54524742,                0 to drop: yes
3:542  0:000   - [01]: Drop table  signature="DMAR" (52414D44)
3:542  0:000           - set table: 52414D44,                0 to drop: yes
3:542  0:000   - [02]: Drop table  signature="MATS" (5354414D)
3:543  0:000           - set table: 5354414D,                0 to drop: no
3:543  0:000   - final DSDT Fix mask=01004011
3:543  0:000  PatchesDSDT: 16 requested
3:543  0:000   - [00]: (_DSM to XDSM) lenToFind: 4, lenToReplace: 4, Target Bridge: <null string>
3:543  0:000   - [01]: (LPC to LPCB) lenToFind: 4, lenToReplace: 4, Target Bridge: <null string>
3:543  0:000   - [02]: (H_EC to EC) lenToFind: 4, lenToReplace: 4, Target Bridge: <null string>
3:543  0:000   - [03]: (EC to EC0) lenToFind: 4, lenToReplace: 4, Target Bridge: <null string>
3:543  0:000   - [04]: (_Q11 to XQ11(lenAir/IKB/IKBR/IWL-down)) lenToFind: 4, lenToReplace: 4, Target Bridge: <null string>
3:543  0:000   - [05]: (_Q12 to XQ12(lenAir/IKB/IKBR/IWL-up)) lenToFind: 4, lenToReplace: 4, Target Bridge: <null string>
3:543  0:000   - [06]: (XHCI to XHC) lenToFind: 4, lenToReplace: 4, Target Bridge: <null string>
3:543  0:000   - [07]: (XHC1 to XHC) lenToFind: 4, lenToReplace: 4, Target Bridge: <null string>
3:543  0:000   - [08]: (Rename LID to LID0) lenToFind: 4, lenToReplace: 4, Target Bridge: <null string>
3:543  0:000   - [09]: (_LID to XLID) lenToFind: 5, lenToReplace: 5, Target Bridge: <null string>
3:543  0:000   - [10]: (GFX0 to IGPU) lenToFind: 4, lenToReplace: 4, Target Bridge: <null string>
3:543  0:000   - [11]: (OSID to XSID) lenToFind: 4, lenToReplace: 4, Target Bridge: <null string>
3:543  0:000   - [12]: (_OSI to XOSI) lenToFind: 4, lenToReplace: 4, Target Bridge: <null string>
3:543  0:000   - [13]: (EPC:_STA to XSTA) lenToFind: 4, lenToReplace: 4, Target Bridge: EPC_
3:543  0:000   - [14]: (_PTS to ZPTS(1,N)) lenToFind: 5, lenToReplace: 5, Target Bridge: <null string>
3:543  0:000   - [15]: (_WAK to ZWAK(1,S)) lenToFind: 5, lenToReplace: 5, Target Bridge: <null string>
3:543  0:000  PluginType: 1
3:543  0:000  Using ProductName from config: MacBookPro15,2
3:543  0:000  Using latest BiosVersion from clover
3:543  0:000  BiosVersion: MBP152.88Z.F000.B00.1912090107
3:543  0:000  BiosReleaseDate: 12/09/2019
3:543  0:000  Using latest EfiVersion from clover: 1037.80.21.0.0
3:543  0:000  Using FirmwareFeatures from config: 0xFC0FE137
3:543  0:000  Using FirmwareFeaturesMask from config: 0xFF1FFF3F
3:543  0:000  Board-ID set from config as Mac-827FB448E656EC26
3:543  0:000  BoardType: 0xA
3:543  0:000  ChassisType: 0x9
3:543  0:000  === [ Found DSDT tables ] =================================
3:543  0:000  - DSDT.aml
4:269  0:725  === [ ScanVolumes ] =======================================
4:269  0:000  Found 17 volumes with blockIO
4:269  0:000  - [00]: Volume: PciRoot(0x0)\Pci(0x17,0x0)\Sata(0x0,0x0,0x0)
4:269  0:000  - [01]: Volume: PciRoot(0x0)\Pci(0x17,0x0)\Sata(0x0,0x0,0x0)\HD(1,MBR,0x03B02C86,0x800,0x7802000)
4:269  0:000          Result of bootcode detection: bootable Windows (vista,win)
4:269  0:000          hiding this volume
4:269  0:000  - [02]: Volume: PciRoot(0x0)\Pci(0x17,0x0)\Sata(0x0,0x0,0x0)\HD(2,MBR,0x03B02C86,0x7802800,0x53F02800)
4:269  0:000          Result of bootcode detection: bootable Windows (vista,win)
4:270  0:000          hiding this volume
4:270  0:000  - [03]: Volume: PciRoot(0x0)\Pci(0x17,0x0)\Sata(0x0,0x0,0x0)\HD(3,MBR,0x03B02C86,0x5B705000,0x19000800)
4:270  0:000          Result of bootcode detection: bootable unknown (legacy)
4:270  0:000          hiding this volume
4:270  0:000  - [04]: Volume: PciRoot(0x0)\Pci(0x1D,0x0)\Pci(0x0,0x0)\NVMe(0x1,71-09-02-81-B3-38-25-00)
4:270  0:000  - [05]: Volume: PciRoot(0x0)\Pci(0x1D,0x0)\Pci(0x0,0x0)\NVMe(0x1,71-09-02-81-B3-38-25-00)\HD(1,GPT,A508F172-5C9E-4951-803A-245C0EA7DAC9,0x800,0x82000)
4:270  0:000          Result of bootcode detection: bootable Windows (vista,win)
4:270  0:000          This is SelfVolume !!
4:270  0:000  - [06]: Volume: PciRoot(0x0)\Pci(0x1D,0x0)\Pci(0x0,0x0)\NVMe(0x1,71-09-02-81-B3-38-25-00)\HD(2,GPT,8A2A7595-67F2-4A0F-8CD4-61D10706C085,0x82800,0x8000)
4:270  0:000          hiding this volume
4:270  0:000  - [07]: Volume: PciRoot(0x0)\Pci(0x1D,0x0)\Pci(0x0,0x0)\NVMe(0x1,71-09-02-81-B3-38-25-00)\HD(3,GPT,823A84C9-BB47-416C-943C-D3A92E0CBA50,0x8A800,0x948847D)
4:270  0:000          Result of bootcode detection: bootable Windows (vista,win)
4:270  0:000          hiding this volume
4:270  0:000  - [08]: Volume: PciRoot(0x0)\Pci(0x1D,0x0)\Pci(0x0,0x0)\NVMe(0x1,71-09-02-81-B3-38-25-00)\HD(4,GPT,0A49890D-4837-429E-80AE-7950B1545C33,0x9513000,0x177000)
4:271  0:000          Result of bootcode detection: bootable Windows (vista,win)
4:271  0:000          hiding this volume
4:271  0:000  - [09]: Volume: PciRoot(0x0)\Pci(0x1D,0x0)\Pci(0x0,0x0)\NVMe(0x1,71-09-02-81-B3-38-25-00)\HD(5,GPT,2E4007BF-2C18-4FF6-999F-97F6C73BFC57,0x968A800,0xA000000)
4:271  0:000          Result of bootcode detection: bootable unknown (legacy)
4:271  0:000          hiding this volume
4:271  0:000  - [10]: Volume: PciRoot(0x0)\Pci(0x1D,0x0)\Pci(0x0,0x0)\NVMe(0x1,71-09-02-81-B3-38-25-00)\HD(6,GPT,1742D8C8-219E-40F9-9D84-8DBF333B5D68,0x1368A800,0xA474000)
4:271  0:000          Result of bootcode detection: bootable unknown (legacy)
4:271  0:000          hiding this volume
4:271  0:000  - [11]: Volume: PciRoot(0x0)\Pci(0x1D,0x0)\Pci(0x0,0x0)\NVMe(0x1,71-09-02-81-B3-38-25-00)\HD(7,GPT,7C564098-EDE0-4D4F-B0BD-83D2B9DF32EF,0x1DAFF000,0x1F4000)
4:271  0:000          Result of bootcode detection: bootable Windows (vista,win)
4:271  0:000          hiding this volume
4:271  0:000  - [12]: Volume: PciRoot(0x0)\Pci(0x1D,0x0)\Pci(0x0,0x0)\NVMe(0x1,71-09-02-81-B3-38-25-00)\HD(5,GPT,2E4007BF-2C18-4FF6-999F-97F6C73BFC57,0x968A800,0xA000000)\VenMedia(BE74FCF7-0B7C-49F3-9147-01F4042E6842,0C00E53DC8E344458B8675969D907F96)
4:271  0:000          hiding this volume
4:271  0:000  - [13]: Volume: PciRoot(0x0)\Pci(0x1D,0x0)\Pci(0x0,0x0)\NVMe(0x1,71-09-02-81-B3-38-25-00)\HD(5,GPT,2E4007BF-2C18-4FF6-999F-97F6C73BFC57,0x968A800,0xA000000)\VenMedia(BE74FCF7-0B7C-49F3-9147-01F4042E6842,7DCC6C014F443D4CBFACA603B27DEB8A)
4:271  0:000  - [14]: Volume: PciRoot(0x0)\Pci(0x1D,0x0)\Pci(0x0,0x0)\NVMe(0x1,71-09-02-81-B3-38-25-00)\HD(5,GPT,2E4007BF-2C18-4FF6-999F-97F6C73BFC57,0x968A800,0xA000000)\VenMedia(BE74FCF7-0B7C-49F3-9147-01F4042E6842,9FD45F72DC956B459EB689CFAF85A811)
4:271  0:000          hiding this volume
4:271  0:000  - [15]: Volume: PciRoot(0x0)\Pci(0x1D,0x0)\Pci(0x0,0x0)\NVMe(0x1,71-09-02-81-B3-38-25-00)\HD(5,GPT,2E4007BF-2C18-4FF6-999F-97F6C73BFC57,0x968A800,0xA000000)\VenMedia(BE74FCF7-0B7C-49F3-9147-01F4042E6842,E663D0134268754CBE712A258F432462)
4:271  0:000  - [16]: Volume: PciRoot(0x0)\Pci(0x1D,0x0)\Pci(0x0,0x0)\NVMe(0x1,71-09-02-81-B3-38-25-00)\HD(5,GPT,2E4007BF-2C18-4FF6-999F-97F6C73BFC57,0x968A800,0xA000000)\VenMedia(BE74FCF7-0B7C-49F3-9147-01F4042E6842,EC6091B0A03CEA4296CA7E7891B35AB7)
4:272  0:000  found 2 handles with audio
4:272  0:000  No AudioIoDevice stored
4:272  0:000  no stored audio parameters
4:272  0:000  Found Audio Device Conexant (Unknown) (Headphones) at index 0
4:272  0:000  Found Audio Device Conexant (Unknown) (Speaker) at index 1
4:272  0:000  Found Audio Device Intel Kaby Lake HDMI (HDMI) at index 2
4:272  0:000  === [ InitTheme ] =========================================
4:272  0:000  use night theme
4:279  0:007  Using theme 'OSS' (EFI\CLOVER\themes\OSS)
4:279  0:000  Warning! Character width 23 should be even!
4:279  0:000  file sound read: sound_night.wav Not Found
4:279  0:000  file sound read: sound.wav Not Found
4:281  0:001  Loading font from ThemeDir: Success
4:282  0:000  theme inited
4:282  0:000  Chosen theme OSS
4:282  0:000  after NVRAM boot-args=
4:282  0:000  === [ Dump SMC keys from NVRAM ] ==========================
4:282  0:000  found AppleSMC protocol
4:309  0:027  === [ ScanLoader ] ========================================
4:309  0:000  - [05]: 'EFI'
4:310  0:000          AddLoaderEntry for Volume Name=EFI
4:322  0:011          AddLoaderEntry for Volume Name=EFI
4:322  0:000          skipped because entry is hidden
4:322  0:000  - [12]: 'Preboot', hidden
4:322  0:000  - [13]: 'MacOSX'
4:326  0:004          AddLoaderEntry for Volume Name=MacOSX
4:329  0:002      Check if volume Is Hibernated:
4:329  0:000      Check sleep image 'by signature':
4:330  0:000      using default sleep image name = \private\var\vm\sleepimage
4:330  0:000      sleepimage not found -> Not Found
4:330  0:000      hibernated: no - sign
4:331  0:000          [!] Icon 18 (icons\vol_internal_apfs.icns) not found (path: EFI\CLOVER\themes\OSS)
4:520  0:188          AddLoaderEntry for Volume Name=MacOSX
4:520  0:000          skipped because entry is hidden
4:520  0:000  - [14]: 'Recovery', hidden
4:520  0:000  - [15]: 'VM'
4:526  0:005  - [16]: 'MacOSX -pn'
4:533  0:007  Scanning legacy ...
4:533  0:000   1: 'Legacy HD1' (vista,win) hidden
4:533  0:000   2: 'Legacy HD2' (vista,win) hidden
4:533  0:000   5: 'EFI' (vista,win) add legacy
4:533  0:000   added 'Boot Windows from EFI' OSType=2 Icon=vista,win
4:533  0:000   7: 'Legacy HD3' (vista,win) hidden
4:533  0:000   8: 'Legacy HD4' (vista,win) hidden
4:533  0:000  11: 'Legacy HD7' (vista,win) hidden
4:533  0:000  === [ AddCustomTool ] =====================================
4:534  0:000  found tool \EFI\CLOVER\tools\Shell64U.efi
4:534  0:000  Checking EFI partition Volume 5 for Clover
4:534  0:000   Found Clover
4:536  0:001  === [ GetEfiBootDeviceFromNvram ] =========================
4:536  0:000   - efi-boot-device-data: PciRoot(0x0)\Pci(0x1D,0x0)\Pci(0x0,0x0)\NVMe(0x1,71-09-02-81-B3-38-25-00)\HD(1,GPT,A508F172-5C9E-4951-803A-245C0EA7DAC9,0x800,0x82000)\EFI\microsoft\Boot\bootmgfw.efii
4:536  0:000    - Volume: 'PciRoot(0x0)\Pci(0x1D,0x0)\Pci(0x0,0x0)\NVMe(0x1,71-09-02-81-B3-38-25-00)\HD(1,GPT,A508F172-5C9E-4951-803A-245C0EA7DAC9,0x800,0x82000)'
4:536  0:000    - LoaderPath: '\EFI\microsoft\Boot\bootmgfw.efi'
4:536  0:000    - Guid = A508F172-5C9E-4951-803A-245C0EA7DAC9
4:536  0:000  === [ FindStartupDiskVolume ] =============================
4:536  0:000    - Volume: partition = PciRoot(0x0)\Pci(0x1D,0x0)\Pci(0x0,0x0)\NVMe(0x1,71-09-02-81-B3-38-25-00)\HD(1,GPT,A508F172-5C9E-4951-803A-245C0EA7DAC9,0x800,0x82000)
4:536  0:000     - searching for that partition and loader '\EFI\microsoft\Boot\bootmgfw.efi'
4:536  0:000      - found entry 0. 'Boot Microsoft EFI Boot from EFI', Volume 'EFI', '\EFI\microsoft\Boot\bootmgfw.efi'
4:536  0:000  Boot redirected to Entry 0. 'Boot Microsoft EFI Boot from EFI'
4:536  0:000  DefaultIndex=0 and MainMenu.EntryCount=9
11:271  6:734  GUI ready
